Mar-23 22:24:02.742 [main] DEBUG nextflow.cli.Launcher - $> nextflow run test.nf -with-trace trace-new.txt
Mar-23 22:24:02.778 [main] DEBUG nextflow.cli.CmdRun - N E X T F L O W  ~  version 24.10.5
Mar-23 22:24:02.788 [main] DEBUG nextflow.plugin.PluginsFacade - Setting up plugin manager > mode=prod; embedded=false; plugins-dir=/Users/alakob/.nextflow/plugins; core-plugins: nf-amazon@2.9.2,nf-azure@1.10.2,nf-cloudcache@0.4.2,nf-codecommit@0.2.2,nf-console@1.1.4,nf-google@1.15.4,nf-tower@1.9.3,nf-wave@1.7.4
Mar-23 22:24:02.799 [main] INFO  o.pf4j.DefaultPluginStatusProvider - Enabled plugins: []
Mar-23 22:24:02.800 [main] INFO  o.pf4j.DefaultPluginStatusProvider - Disabled plugins: []
Mar-23 22:24:02.801 [main] INFO  org.pf4j.DefaultPluginManager - PF4J version 3.12.0 in 'deployment' mode
Mar-23 22:24:02.806 [main] INFO  org.pf4j.AbstractPluginManager - No plugins
Mar-23 22:24:02.816 [main] DEBUG nextflow.config.ConfigBuilder - Found config local: /Users/alakob/projects/nextflow-pipeline-platform/pipeline/nextflow.config
Mar-23 22:24:02.818 [main] DEBUG nextflow.config.ConfigBuilder - Parsing config file: /Users/alakob/projects/nextflow-pipeline-platform/pipeline/nextflow.config
Mar-23 22:24:02.831 [main] DEBUG n.secret.LocalSecretsProvider - Secrets store: /Users/alakob/.nextflow/secrets/store.json
Mar-23 22:24:02.832 [main] DEBUG nextflow.secret.SecretsLoader - Discovered secrets providers: [nextflow.secret.LocalSecretsProvider@2bfeb1ef] - activable => nextflow.secret.LocalSecretsProvider@2bfeb1ef
Mar-23 22:24:02.834 [main] DEBUG nextflow.config.ConfigBuilder - Applying config profile: `standard`
Mar-23 22:24:03.066 [main] DEBUG nextflow.cli.CmdRun - Applied DSL=2 by global default
Mar-23 22:24:03.072 [main] DEBUG nextflow.cli.CmdRun - Launching `test.nf` [infallible_knuth] DSL2 - revision: 6184cc468c
Mar-23 22:24:03.073 [main] DEBUG nextflow.plugin.PluginsFacade - Plugins default=[nf-amazon@2.9.2]
Mar-23 22:24:03.073 [main] DEBUG nextflow.plugin.PluginsFacade - Plugins resolved requirement=[nf-amazon@2.9.2]
Mar-23 22:24:03.074 [main] DEBUG nextflow.plugin.PluginUpdater - Installing plugin nf-amazon version: 2.9.2
Mar-23 22:24:03.080 [main] INFO  org.pf4j.AbstractPluginManager - Plugin 'nf-amazon@2.9.2' resolved
Mar-23 22:24:03.080 [main] INFO  org.pf4j.AbstractPluginManager - Start plugin 'nf-amazon@2.9.2'
Mar-23 22:24:03.095 [main] DEBUG nextflow.plugin.BasePlugin - Plugin started nf-amazon@2.9.2
Mar-23 22:24:03.104 [main] DEBUG nextflow.file.FileHelper - > Added 'S3FileSystemProvider' to list of installed providers [s3]
Mar-23 22:24:03.125 [main] DEBUG nextflow.Session - Session UUID: b0383903-a26e-427d-854c-3073b3d4be47
Mar-23 22:24:03.125 [main] DEBUG nextflow.Session - Run name: infallible_knuth
Mar-23 22:24:03.125 [main] DEBUG nextflow.Session - Executor pool size: 14
Mar-23 22:24:03.131 [main] DEBUG nextflow.file.FileHelper - Creating a file system instance for provider: S3FileSystemProvider
Mar-23 22:24:03.137 [main] DEBUG nextflow.cloud.aws.config.AwsConfig - AWS S3 config properties: {max_error_retry=5}
Mar-23 22:24:03.231 [main] DEBUG nextflow.cloud.aws.AwsClientFactory - Merging AWS credentials file '/Users/alakob/.aws/credentials' and config file '/Users/alakob/.aws/config'
Mar-23 22:24:03.359 [main] DEBUG nextflow.file.FilePorter - File porter settings maxRetries=3; maxTransfers=50; pollTimeout=null
Mar-23 22:24:03.362 [main] DEBUG nextflow.util.ThreadPoolBuilder - Creating thread pool 'FileTransfer' minSize=10; maxSize=42; workQueue=LinkedBlockingQueue[-1]; allowCoreThreadTimeout=false
Mar-23 22:24:03.370 [main] DEBUG nextflow.cli.CmdRun - 
  Version: 24.10.5 build 5935
  Created: 04-03-2025 17:55 UTC (17:55 BST)
  System: Mac OS X 15.3.1
  Runtime: Groovy 4.0.23 on OpenJDK 64-Bit Server VM 17.0.14+0
  Encoding: UTF-8 (UTF-8)
  Process: 25644@Blaises-MacBook-Pro.local [127.0.0.1]
  CPUs: 14 - Mem: 24 GB (73.9 MB) - Swap: 14 GB (691.2 MB)
Mar-23 22:24:03.902 [main] DEBUG nextflow.Session - Work-dir: s3://nextflow-pipeline-data-nto15x4w/work [Mac OS X]
Mar-23 22:24:03.902 [main] DEBUG nextflow.Session - Script base path does not exist or is not a directory: /Users/alakob/projects/nextflow-pipeline-platform/pipeline/bin
Mar-23 22:24:03.914 [main] DEBUG nextflow.executor.ExecutorFactory - Extension executors providers=[AwsBatchExecutor]
Mar-23 22:24:03.921 [main] DEBUG nextflow.Session - Observer factory: DefaultObserverFactory
Mar-23 22:24:03.940 [main] DEBUG nextflow.cache.CacheFactory - Using Nextflow cache factory: nextflow.cache.DefaultCacheFactory
Mar-23 22:24:03.943 [main] DEBUG nextflow.util.CustomThreadPool - Creating default thread pool > poolSize: 15; maxThreads: 1000
Mar-23 22:24:03.965 [main] DEBUG nextflow.Session - Session start
Mar-23 22:24:03.967 [main] DEBUG nextflow.trace.TraceFileObserver - Workflow started -- trace file: /Users/alakob/projects/nextflow-pipeline-platform/pipeline/trace-new.txt
Mar-23 22:24:04.033 [main] DEBUG nextflow.script.ScriptRunner - > Launching execution
Mar-23 22:24:04.059 [main] DEBUG nextflow.script.ProcessConfig - Config settings `withName:.*` matches process HELLO
Mar-23 22:24:04.067 [main] DEBUG nextflow.executor.ExecutorFactory - << taskConfig executor: awsbatch
Mar-23 22:24:04.067 [main] DEBUG nextflow.executor.ExecutorFactory - >> processorType: 'awsbatch'
Mar-23 22:24:04.068 [main] DEBUG nextflow.executor.Executor - [warm up] executor > awsbatch
Mar-23 22:24:04.074 [main] DEBUG nextflow.util.ThrottlingExecutor - Creating throttling executor with opts: nextflow.util.ThrottlingExecutor$Options(poolName:AWSBatch-executor, limiter:RateLimiter[stableRate=50.0qps], poolSize:70, maxPoolSize:70, queueSize:5000, maxRetries:10, keepAlive:1m, autoThrottle:true, errorBurstDelay:1s, rampUpInterval:100, rampUpFactor:1.2, rampUpMaxRate:1.7976931348623157E308, backOffFactor:2.0, backOffMinRate:0.0166666667, retryDelay:1s)
Mar-23 22:24:04.075 [main] DEBUG nextflow.util.ThrottlingExecutor - Creating throttling executor with opts: nextflow.util.ThrottlingExecutor$Options(poolName:AWSBatch-reaper, limiter:RateLimiter[stableRate=50.0qps], poolSize:70, maxPoolSize:70, queueSize:5000, maxRetries:10, keepAlive:1m, autoThrottle:true, errorBurstDelay:1s, rampUpInterval:100, rampUpFactor:1.2, rampUpMaxRate:1.7976931348623157E308, backOffFactor:2.0, backOffMinRate:0.0166666667, retryDelay:1s)
Mar-23 22:24:04.076 [main] DEBUG n.cloud.aws.batch.AwsBatchExecutor - Creating parallel monitor for executor 'awsbatch' > pollInterval=10s; dumpInterval=5m
Mar-23 22:24:04.078 [main] DEBUG n.processor.TaskPollingMonitor - >>> barrier register (monitor: awsbatch)
Mar-23 22:24:04.079 [main] DEBUG nextflow.cloud.aws.AwsClientFactory - Merging AWS credentials file '/Users/alakob/.aws/credentials' and config file '/Users/alakob/.aws/config'
Mar-23 22:24:04.091 [main] DEBUG n.cloud.aws.batch.AwsBatchExecutor - [AWS BATCH] Executor options=AwsOptions(remoteBinDir:null, fetchInstanceType:false, region:eu-north-1, jobRole:null, logsGroup:null, retryMode:standard, shareIdentifier:null, schedulingPriority:0, cliPath:/usr/local/bin/aws, volumes:[], maxParallelTransfers:4, maxTransferAttempts:5, maxSpotAttempts:0, delayBetweenAttempts:10s, storageClass:null, storageEncryption:null, storageKmsKeyId:null, s3Acl:null, debug:null, requesterPays:null, awsCli:/usr/local/bin/aws --region eu-north-1, fargateMode:false, s5cmdPath:null, executionRole:null)
Mar-23 22:24:04.126 [main] DEBUG nextflow.Session - Workflow process names [dsl2]: HELLO
Mar-23 22:24:04.127 [main] DEBUG nextflow.Session - Igniting dataflow network (1)
Mar-23 22:24:04.127 [main] DEBUG nextflow.processor.TaskProcessor - Starting process > HELLO
Mar-23 22:24:04.127 [main] DEBUG nextflow.script.ScriptRunner - Parsed script files:
  Script_bf93c2e219403884: /Users/alakob/projects/nextflow-pipeline-platform/pipeline/test.nf
Mar-23 22:24:04.127 [main] DEBUG nextflow.script.ScriptRunner - > Awaiting termination 
Mar-23 22:24:04.127 [main] DEBUG nextflow.Session - Session await
Mar-23 22:24:05.286 [AWSBatch-executor-1] DEBUG n.c.aws.batch.AwsBatchTaskHandler - [AWS BATCH] [AWS BATCH] Found job definition name=nf-ubuntu-20-04:1; container=ubuntu:20.04
Mar-23 22:24:05.404 [AWSBatch-executor-1] DEBUG n.c.aws.batch.AwsBatchTaskHandler - [AWS BATCH] Process `HELLO` submitted > job=cc448dde-7aa2-40b2-843d-d0515c389309; work-dir=s3://nextflow-pipeline-data-nto15x4w/work/eb/59a9b470bab86097cc7e9d4d0d8e53
Mar-23 22:24:05.404 [AWSBatch-executor-1] INFO  nextflow.Session - [eb/59a9b4] Submitted process > HELLO
Mar-23 22:29:14.224 [Task monitor] DEBUG n.processor.TaskPollingMonitor - !! executor awsbatch > tasks to be completed: 1 -- submitted tasks are shown below
~> TaskHandler[id: 1; name: HELLO; status: SUBMITTED; exit: -; error: -; workDir: s3://nextflow-pipeline-data-nto15x4w/work/eb/59a9b470bab86097cc7e9d4d0d8e53]
Mar-23 22:34:14.342 [Task monitor] DEBUG n.processor.TaskPollingMonitor - !! executor awsbatch > tasks to be completed: 1 -- submitted tasks are shown below
~> TaskHandler[id: 1; name: HELLO; status: SUBMITTED; exit: -; error: -; workDir: s3://nextflow-pipeline-data-nto15x4w/work/eb/59a9b470bab86097cc7e9d4d0d8e53]
Mar-23 22:39:14.457 [Task monitor] DEBUG n.processor.TaskPollingMonitor - !! executor awsbatch > tasks to be completed: 1 -- submitted tasks are shown below
~> TaskHandler[id: 1; name: HELLO; status: SUBMITTED; exit: -; error: -; workDir: s3://nextflow-pipeline-data-nto15x4w/work/eb/59a9b470bab86097cc7e9d4d0d8e53]
Mar-23 22:39:57.258 [SIGINT handler] DEBUG nextflow.Session - Session aborted -- Cause: SIGINT
Mar-23 22:39:57.284 [SIGINT handler] DEBUG nextflow.Session - The following nodes are still active:
  [operator] view

Mar-23 22:39:57.288 [SIGINT handler] DEBUG nextflow.Session - 
Thread[Actor Thread 4,5,main]
  java.base@17.0.14/jdk.internal.misc.Unsafe.park(Native Method)
  java.base@17.0.14/java.util.concurrent.locks.LockSupport.park(LockSupport.java:341)
  java.base@17.0.14/java.util.concurrent.SynchronousQueue$TransferStack$SNode.block(SynchronousQueue.java:288)
  java.base@17.0.14/java.util.concurrent.ForkJoinPool.unmanagedBlock(ForkJoinPool.java:3465)
  java.base@17.0.14/java.util.concurrent.ForkJoinPool.managedBlock(ForkJoinPool.java:3436)
  java.base@17.0.14/java.util.concurrent.SynchronousQueue$TransferStack.transfer(SynchronousQueue.java:397)
  java.base@17.0.14/java.util.concurrent.SynchronousQueue.take(SynchronousQueue.java:886)
  java.base@17.0.14/java.util.concurrent.ThreadPoolExecutor.getTask(ThreadPoolExecutor.java:1062)
  java.base@17.0.14/java.util.concurrent.ThreadPoolExecutor.runWorker(ThreadPoolExecutor.java:1122)
  java.base@17.0.14/java.util.concurrent.ThreadPoolExecutor$Worker.run(ThreadPoolExecutor.java:635)
  java.base@17.0.14/java.lang.Thread.run(Thread.java:840)

Thread[java-sdk-http-connection-reaper,5,main]
  java.base@17.0.14/java.lang.Thread.sleep(Native Method)
  com.amazonaws.http.IdleConnectionReaper.run(IdleConnectionReaper.java:188)

Thread[SIGINT handler,9,system]
  java.base@17.0.14/java.lang.Thread.dumpThreads(Native Method)
  java.base@17.0.14/java.lang.Thread.getAllStackTraces(Thread.java:1671)
  app//nextflow.util.SysHelper.dumpThreads(SysHelper.groovy:188)
  app//nextflow.Session.abort(Session.groovy:800)
  app//nextflow.Session$_registerSignalHandlers_closure17.doCall(Session.groovy:489)
  java.base@17.0.14/jdk.internal.reflect.NativeMethodAccessorImpl.invoke0(Native Method)
  java.base@17.0.14/jdk.internal.reflect.NativeMethodAccessorImpl.invoke(NativeMethodAccessorImpl.java:77)
  java.base@17.0.14/jdk.internal.reflect.DelegatingMethodAccessorImpl.invoke(DelegatingMethodAccessorImpl.java:43)
  java.base@17.0.14/java.lang.reflect.Method.invoke(Method.java:569)
  app//org.codehaus.groovy.reflection.CachedMethod.invoke(CachedMethod.java:343)
  app//groovy.lang.MetaMethod.doMethodInvoke(MetaMethod.java:328)
  app//org.codehaus.groovy.runtime.metaclass.ClosureMetaClass.invokeMethod(ClosureMetaClass.java:279)
  app//groovy.lang.MetaClassImpl.invokeMethod(MetaClassImpl.java:1007)
  app//groovy.lang.Closure.call(Closure.java:433)
  app//org.codehaus.groovy.runtime.ConvertedClosure.invokeCustom(ConvertedClosure.java:52)
  app//org.codehaus.groovy.runtime.ConversionHandler.invoke(ConversionHandler.java:113)
  jdk.proxy1/jdk.proxy1.$Proxy35.handle(Unknown Source)
  jdk.unsupported@17.0.14/sun.misc.Signal$InternalMiscHandler.handle(Signal.java:198)
  java.base@17.0.14/jdk.internal.misc.Signal$1.run(Signal.java:219)
  java.base@17.0.14/java.lang.Thread.run(Thread.java:840)

Thread[main,5,main]
  java.base@17.0.14/jdk.internal.misc.Unsafe.park(Native Method)
  java.base@17.0.14/java.util.concurrent.locks.LockSupport.park(LockSupport.java:341)
  java.base@17.0.14/java.util.concurrent.locks.AbstractQueuedSynchronizer$ConditionNode.block(AbstractQueuedSynchronizer.java:506)
  java.base@17.0.14/java.util.concurrent.ForkJoinPool.unmanagedBlock(ForkJoinPool.java:3465)
  java.base@17.0.14/java.util.concurrent.ForkJoinPool.managedBlock(ForkJoinPool.java:3436)
  java.base@17.0.14/java.util.concurrent.locks.AbstractQueuedSynchronizer$ConditionObject.await(AbstractQueuedSynchronizer.java:1630)
  app//nextflow.util.Barrier$_awaitCompletion_closure3.doCall(Barrier.groovy:92)
  app//nextflow.util.Barrier$_awaitCompletion_closure3.call(Barrier.groovy)
  app//nextflow.extension.Bolts.withLock(Bolts.groovy:337)
  app//nextflow.extension.Bolts.withLock(Bolts.groovy)
  app//nextflow.util.Barrier.awaitCompletion(Barrier.groovy:89)
  app//nextflow.Session.await(Session.groovy:676)
  app//nextflow.script.ScriptRunner.await(ScriptRunner.groovy:256)
  app//nextflow.script.ScriptRunner.execute(ScriptRunner.groovy:144)
  app//nextflow.cli.CmdRun.run(CmdRun.groovy:376)
  app//nextflow.cli.Launcher.run(Launcher.groovy:503)
  app//nextflow.cli.Launcher.main(Launcher.groovy:658)

Thread[Actor Thread 6,5,main]
  java.base@17.0.14/jdk.internal.misc.Unsafe.park(Native Method)
  java.base@17.0.14/java.util.concurrent.locks.LockSupport.park(LockSupport.java:341)
  java.base@17.0.14/java.util.concurrent.SynchronousQueue$TransferStack$SNode.block(SynchronousQueue.java:288)
  java.base@17.0.14/java.util.concurrent.ForkJoinPool.unmanagedBlock(ForkJoinPool.java:3465)
  java.base@17.0.14/java.util.concurrent.ForkJoinPool.managedBlock(ForkJoinPool.java:3436)
  java.base@17.0.14/java.util.concurrent.SynchronousQueue$TransferStack.transfer(SynchronousQueue.java:397)
  java.base@17.0.14/java.util.concurrent.SynchronousQueue.take(SynchronousQueue.java:886)
  java.base@17.0.14/java.util.concurrent.ThreadPoolExecutor.getTask(ThreadPoolExecutor.java:1062)
  java.base@17.0.14/java.util.concurrent.ThreadPoolExecutor.runWorker(ThreadPoolExecutor.java:1122)
  java.base@17.0.14/java.util.concurrent.ThreadPoolExecutor$Worker.run(ThreadPoolExecutor.java:635)
  java.base@17.0.14/java.lang.Thread.run(Thread.java:840)

Thread[Actor Thread 7,5,main]
  java.base@17.0.14/jdk.internal.misc.Unsafe.park(Native Method)
  java.base@17.0.14/java.util.concurrent.locks.LockSupport.park(LockSupport.java:341)
  java.base@17.0.14/java.util.concurrent.SynchronousQueue$TransferStack$SNode.block(SynchronousQueue.java:288)
  java.base@17.0.14/java.util.concurrent.ForkJoinPool.unmanagedBlock(ForkJoinPool.java:3465)
  java.base@17.0.14/java.util.concurrent.ForkJoinPool.managedBlock(ForkJoinPool.java:3436)
  java.base@17.0.14/java.util.concurrent.SynchronousQueue$TransferStack.transfer(SynchronousQueue.java:397)
  java.base@17.0.14/java.util.concurrent.SynchronousQueue.take(SynchronousQueue.java:886)
  java.base@17.0.14/java.util.concurrent.ThreadPoolExecutor.getTask(ThreadPoolExecutor.java:1062)
  java.base@17.0.14/java.util.concurrent.ThreadPoolExecutor.runWorker(ThreadPoolExecutor.java:1122)
  java.base@17.0.14/java.util.concurrent.ThreadPoolExecutor$Worker.run(ThreadPoolExecutor.java:635)
  java.base@17.0.14/java.lang.Thread.run(Thread.java:840)

Thread[Thread-1,5,main]
  java.base@17.0.14/jdk.internal.misc.Unsafe.park(Native Method)
  java.base@17.0.14/java.util.concurrent.locks.LockSupport.parkNanos(LockSupport.java:252)
  java.base@17.0.14/java.util.concurrent.locks.AbstractQueuedSynchronizer$ConditionObject.awaitNanos(AbstractQueuedSynchronizer.java:1679)
  java.base@17.0.14/java.util.concurrent.LinkedBlockingDeque.pollFirst(LinkedBlockingDeque.java:515)
  java.base@17.0.14/java.util.concurrent.LinkedBlockingDeque.poll(LinkedBlockingDeque.java:677)
  app//nextflow.util.SimpleAgent.run(SimpleAgent.groovy:89)
  java.base@17.0.14/jdk.internal.reflect.NativeMethodAccessorImpl.invoke0(Native Method)
  java.base@17.0.14/jdk.internal.reflect.NativeMethodAccessorImpl.invoke(NativeMethodAccessorImpl.java:77)
  java.base@17.0.14/jdk.internal.reflect.DelegatingMethodAccessorImpl.invoke(DelegatingMethodAccessorImpl.java:43)
  java.base@17.0.14/java.lang.reflect.Method.invoke(Method.java:569)
  app//org.codehaus.groovy.reflection.CachedMethod.invoke(CachedMethod.java:343)
  app//groovy.lang.MetaMethod.doMethodInvoke(MetaMethod.java:328)
  app//groovy.lang.MetaClassImpl.doInvokeMethod(MetaClassImpl.java:1333)
  app//groovy.lang.MetaClassImpl.invokeMethod(MetaClassImpl.java:1088)
  app//groovy.lang.MetaClassImpl.invokeMethodClosure(MetaClassImpl.java:1017)
  app//groovy.lang.MetaClassImpl.doInvokeMethod(MetaClassImpl.java:1207)
  app//groovy.lang.MetaClassImpl.invokeMethod(MetaClassImpl.java:1088)
  app//groovy.lang.MetaClassImpl.invokeMethod(MetaClassImpl.java:1007)
  app//groovy.lang.Closure.call(Closure.java:433)
  app//groovy.lang.Closure.call(Closure.java:412)
  app//groovy.lang.Closure.run(Closure.java:505)
  java.base@17.0.14/java.lang.Thread.run(Thread.java:840)

Thread[AnsiLogObserver,5,main]
  java.base@17.0.14/java.lang.Object.wait(Native Method)
  app//nextflow.trace.AnsiLogObserver.render0(AnsiLogObserver.groovy:185)
  java.base@17.0.14/jdk.internal.reflect.NativeMethodAccessorImpl.invoke0(Native Method)
  java.base@17.0.14/jdk.internal.reflect.NativeMethodAccessorImpl.invoke(NativeMethodAccessorImpl.java:77)
  java.base@17.0.14/jdk.internal.reflect.DelegatingMethodAccessorImpl.invoke(DelegatingMethodAccessorImpl.java:43)
  java.base@17.0.14/java.lang.reflect.Method.invoke(Method.java:569)
  app//org.codehaus.groovy.reflection.CachedMethod.invoke(CachedMethod.java:343)
  app//groovy.lang.MetaMethod.doMethodInvoke(MetaMethod.java:328)
  app//groovy.lang.MetaClassImpl.doInvokeMethod(MetaClassImpl.java:1333)
  app//groovy.lang.MetaClassImpl.invokeMethod(MetaClassImpl.java:1088)
  app//groovy.lang.MetaClassImpl.invokeMethodClosure(MetaClassImpl.java:1017)
  app//groovy.lang.MetaClassImpl.doInvokeMethod(MetaClassImpl.java:1207)
  app//groovy.lang.MetaClassImpl.invokeMethod(MetaClassImpl.java:1088)
  app//groovy.lang.MetaClassImpl.invokeMethod(MetaClassImpl.java:1007)
  app//groovy.lang.Closure.call(Closure.java:433)
  app//groovy.lang.Closure.call(Closure.java:412)
  app//groovy.lang.Closure.run(Closure.java:505)
  java.base@17.0.14/java.lang.Thread.run(Thread.java:840)

Thread[Task submitter,5,main]
  java.base@17.0.14/jdk.internal.misc.Unsafe.park(Native Method)
  java.base@17.0.14/java.util.concurrent.locks.LockSupport.park(LockSupport.java:341)
  java.base@17.0.14/java.util.concurrent.locks.AbstractQueuedSynchronizer$ConditionNode.block(AbstractQueuedSynchronizer.java:506)
  java.base@17.0.14/java.util.concurrent.ForkJoinPool.unmanagedBlock(ForkJoinPool.java:3465)
  java.base@17.0.14/java.util.concurrent.ForkJoinPool.managedBlock(ForkJoinPool.java:3436)
  java.base@17.0.14/java.util.concurrent.locks.AbstractQueuedSynchronizer$ConditionObject.await(AbstractQueuedSynchronizer.java:1630)
  app//nextflow.processor.TaskPollingMonitor.awaitTasks(TaskPollingMonitor.groovy:388)
  app//nextflow.processor.TaskPollingMonitor.submitLoop(TaskPollingMonitor.groovy:412)
  java.base@17.0.14/jdk.internal.reflect.NativeMethodAccessorImpl.invoke0(Native Method)
  java.base@17.0.14/jdk.internal.reflect.NativeMethodAccessorImpl.invoke(NativeMethodAccessorImpl.java:77)
  java.base@17.0.14/jdk.internal.reflect.DelegatingMethodAccessorImpl.invoke(DelegatingMethodAccessorImpl.java:43)
  java.base@17.0.14/java.lang.reflect.Method.invoke(Method.java:569)
  app//org.codehaus.groovy.reflection.CachedMethod.invoke(CachedMethod.java:343)
  app//groovy.lang.MetaMethod.doMethodInvoke(MetaMethod.java:328)
  app//groovy.lang.MetaClassImpl.doInvokeMethod(MetaClassImpl.java:1333)
  app//groovy.lang.MetaClassImpl.invokeMethod(MetaClassImpl.java:1088)
  app//groovy.lang.MetaClassImpl.invokeMethodClosure(MetaClassImpl.java:1017)
  app//groovy.lang.MetaClassImpl.doInvokeMethod(MetaClassImpl.java:1207)
  app//groovy.lang.MetaClassImpl.invokeMethod(MetaClassImpl.java:1088)
  app//groovy.lang.MetaClassImpl.invokeMethod(MetaClassImpl.java:1007)
  app//groovy.lang.Closure.call(Closure.java:433)
  app//groovy.lang.Closure.call(Closure.java:412)
  app//groovy.lang.Closure.run(Closure.java:505)
  java.base@17.0.14/java.lang.Thread.run(Thread.java:840)

Thread[Reference Handler,10,system]
  java.base@17.0.14/java.lang.ref.Reference.waitForReferencePendingList(Native Method)
  java.base@17.0.14/java.lang.ref.Reference.processPendingReferences(Reference.java:253)
  java.base@17.0.14/java.lang.ref.Reference$ReferenceHandler.run(Reference.java:215)

Thread[Signal Dispatcher,9,system]

Thread[AWSBatch-executor-96,5,main]
  java.base@17.0.14/jdk.internal.misc.Unsafe.park(Native Method)
  java.base@17.0.14/java.util.concurrent.locks.LockSupport.parkNanos(LockSupport.java:252)
  java.base@17.0.14/java.util.concurrent.locks.AbstractQueuedSynchronizer$ConditionObject.awaitNanos(AbstractQueuedSynchronizer.java:1679)
  java.base@17.0.14/java.util.concurrent.PriorityBlockingQueue.poll(PriorityBlockingQueue.java:549)
  java.base@17.0.14/java.util.concurrent.ThreadPoolExecutor.getTask(ThreadPoolExecutor.java:1061)
  java.base@17.0.14/java.util.concurrent.ThreadPoolExecutor.runWorker(ThreadPoolExecutor.java:1122)
  java.base@17.0.14/java.util.concurrent.ThreadPoolExecutor$Worker.run(ThreadPoolExecutor.java:635)
  java.base@17.0.14/java.lang.Thread.run(Thread.java:840)

Thread[Finalizer,8,system]
  java.base@17.0.14/java.lang.Object.wait(Native Method)
  java.base@17.0.14/java.lang.ref.ReferenceQueue.remove(ReferenceQueue.java:155)
  java.base@17.0.14/java.lang.ref.ReferenceQueue.remove(ReferenceQueue.java:176)
  java.base@17.0.14/java.lang.ref.Finalizer$FinalizerThread.run(Finalizer.java:172)

Thread[Notification Thread,9,system]

Thread[Actor Thread 1,5,main]
  java.base@17.0.14/jdk.internal.misc.Unsafe.park(Native Method)
  java.base@17.0.14/java.util.concurrent.locks.LockSupport.park(LockSupport.java:341)
  java.base@17.0.14/java.util.concurrent.SynchronousQueue$TransferStack$SNode.block(SynchronousQueue.java:288)
  java.base@17.0.14/java.util.concurrent.ForkJoinPool.unmanagedBlock(ForkJoinPool.java:3465)
  java.base@17.0.14/java.util.concurrent.ForkJoinPool.managedBlock(ForkJoinPool.java:3436)
  java.base@17.0.14/java.util.concurrent.SynchronousQueue$TransferStack.transfer(SynchronousQueue.java:397)
  java.base@17.0.14/java.util.concurrent.SynchronousQueue.take(SynchronousQueue.java:886)
  java.base@17.0.14/java.util.concurrent.ThreadPoolExecutor.getTask(ThreadPoolExecutor.java:1062)
  java.base@17.0.14/java.util.concurrent.ThreadPoolExecutor.runWorker(ThreadPoolExecutor.java:1122)
  java.base@17.0.14/java.util.concurrent.ThreadPoolExecutor$Worker.run(ThreadPoolExecutor.java:635)
  java.base@17.0.14/java.lang.Thread.run(Thread.java:840)

Thread[Task monitor,5,main]
  java.base@17.0.14/jdk.internal.misc.Unsafe.park(Native Method)
  java.base@17.0.14/java.util.concurrent.locks.LockSupport.parkNanos(LockSupport.java:252)
  java.base@17.0.14/java.util.concurrent.locks.AbstractQueuedSynchronizer$ConditionObject.await(AbstractQueuedSynchronizer.java:1764)
  app//nextflow.processor.TaskPollingMonitor$_await_closure5.doCall(TaskPollingMonitor.groovy:529)
  app//nextflow.processor.TaskPollingMonitor$_await_closure5.call(TaskPollingMonitor.groovy)
  app//nextflow.extension.Bolts.withLock(Bolts.groovy:337)
  app//nextflow.extension.Bolts.withLock(Bolts.groovy)
  app//nextflow.processor.TaskPollingMonitor.await(TaskPollingMonitor.groovy:528)
  app//nextflow.processor.TaskPollingMonitor.pollLoop(TaskPollingMonitor.groovy:453)
  java.base@17.0.14/jdk.internal.reflect.NativeMethodAccessorImpl.invoke0(Native Method)
  java.base@17.0.14/jdk.internal.reflect.NativeMethodAccessorImpl.invoke(NativeMethodAccessorImpl.java:77)
  java.base@17.0.14/jdk.internal.reflect.DelegatingMethodAccessorImpl.invoke(DelegatingMethodAccessorImpl.java:43)
  java.base@17.0.14/java.lang.reflect.Method.invoke(Method.java:569)
  app//org.codehaus.groovy.reflection.CachedMethod.invoke(CachedMethod.java:343)
  app//groovy.lang.MetaMethod.doMethodInvoke(MetaMethod.java:328)
  app//groovy.lang.MetaClassImpl.doInvokeMethod(MetaClassImpl.java:1333)
  app//groovy.lang.MetaClassImpl.invokeMethod(MetaClassImpl.java:1088)
  app//groovy.lang.MetaClassImpl.invokeMethod(MetaClassImpl.java:1007)
  app//org.codehaus.groovy.runtime.InvokerHelper.invokePogoMethod(InvokerHelper.java:645)
  app//org.codehaus.groovy.runtime.InvokerHelper.invokeMethod(InvokerHelper.java:628)
  app//org.codehaus.groovy.runtime.InvokerHelper.invokeMethodSafe(InvokerHelper.java:82)
  app//nextflow.processor.TaskPollingMonitor$_start_closure2.doCall(TaskPollingMonitor.groovy:318)
  app//nextflow.processor.TaskPollingMonitor$_start_closure2.call(TaskPollingMonitor.groovy)
  app//groovy.lang.Closure.run(Closure.java:505)
  java.base@17.0.14/java.lang.Thread.run(Thread.java:840)

Thread[Actor Thread 2,5,main]
  java.base@17.0.14/jdk.internal.misc.Unsafe.park(Native Method)
  java.base@17.0.14/java.util.concurrent.locks.LockSupport.park(LockSupport.java:341)
  java.base@17.0.14/java.util.concurrent.SynchronousQueue$TransferStack$SNode.block(SynchronousQueue.java:288)
  java.base@17.0.14/java.util.concurrent.ForkJoinPool.unmanagedBlock(ForkJoinPool.java:3465)
  java.base@17.0.14/java.util.concurrent.ForkJoinPool.managedBlock(ForkJoinPool.java:3436)
  java.base@17.0.14/java.util.concurrent.SynchronousQueue$TransferStack.transfer(SynchronousQueue.java:397)
  java.base@17.0.14/java.util.concurrent.SynchronousQueue.take(SynchronousQueue.java:886)
  java.base@17.0.14/java.util.concurrent.ThreadPoolExecutor.getTask(ThreadPoolExecutor.java:1062)
  java.base@17.0.14/java.util.concurrent.ThreadPoolExecutor.runWorker(ThreadPoolExecutor.java:1122)
  java.base@17.0.14/java.util.concurrent.ThreadPoolExecutor$Worker.run(ThreadPoolExecutor.java:635)
  java.base@17.0.14/java.lang.Thread.run(Thread.java:840)

Thread[AWSBatch-executor-93,5,main]
  java.base@17.0.14/jdk.internal.misc.Unsafe.park(Native Method)
  java.base@17.0.14/java.util.concurrent.locks.LockSupport.parkNanos(LockSupport.java:252)
  java.base@17.0.14/java.util.concurrent.locks.AbstractQueuedSynchronizer$ConditionObject.awaitNanos(AbstractQueuedSynchronizer.java:1679)
  java.base@17.0.14/java.util.concurrent.PriorityBlockingQueue.poll(PriorityBlockingQueue.java:549)
  java.base@17.0.14/java.util.concurrent.ThreadPoolExecutor.getTask(ThreadPoolExecutor.java:1061)
  java.base@17.0.14/java.util.concurrent.ThreadPoolExecutor.runWorker(ThreadPoolExecutor.java:1122)
  java.base@17.0.14/java.util.concurrent.ThreadPoolExecutor$Worker.run(ThreadPoolExecutor.java:635)
  java.base@17.0.14/java.lang.Thread.run(Thread.java:840)

Thread[Common-Cleaner,8,InnocuousThreadGroup]
  java.base@17.0.14/java.lang.Object.wait(Native Method)
  java.base@17.0.14/java.lang.ref.ReferenceQueue.remove(ReferenceQueue.java:155)
  java.base@17.0.14/jdk.internal.ref.CleanerImpl.run(CleanerImpl.java:140)
  java.base@17.0.14/java.lang.Thread.run(Thread.java:840)
  java.base@17.0.14/jdk.internal.misc.InnocuousThread.run(InnocuousThread.java:162)

Thread[Actor Thread 5,5,main]
  java.base@17.0.14/jdk.internal.misc.Unsafe.park(Native Method)
  java.base@17.0.14/java.util.concurrent.locks.LockSupport.park(LockSupport.java:341)
  java.base@17.0.14/java.util.concurrent.SynchronousQueue$TransferStack$SNode.block(SynchronousQueue.java:288)
  java.base@17.0.14/java.util.concurrent.ForkJoinPool.unmanagedBlock(ForkJoinPool.java:3465)
  java.base@17.0.14/java.util.concurrent.ForkJoinPool.managedBlock(ForkJoinPool.java:3436)
  java.base@17.0.14/java.util.concurrent.SynchronousQueue$TransferStack.transfer(SynchronousQueue.java:397)
  java.base@17.0.14/java.util.concurrent.SynchronousQueue.take(SynchronousQueue.java:886)
  java.base@17.0.14/java.util.concurrent.ThreadPoolExecutor.getTask(ThreadPoolExecutor.java:1062)
  java.base@17.0.14/java.util.concurrent.ThreadPoolExecutor.runWorker(ThreadPoolExecutor.java:1122)
  java.base@17.0.14/java.util.concurrent.ThreadPoolExecutor$Worker.run(ThreadPoolExecutor.java:635)
  java.base@17.0.14/java.lang.Thread.run(Thread.java:840)

Thread[Actor Thread 3,5,main]
  java.base@17.0.14/jdk.internal.misc.Unsafe.park(Native Method)
  java.base@17.0.14/java.util.concurrent.locks.LockSupport.park(LockSupport.java:341)
  java.base@17.0.14/java.util.concurrent.SynchronousQueue$TransferStack$SNode.block(SynchronousQueue.java:288)
  java.base@17.0.14/java.util.concurrent.ForkJoinPool.unmanagedBlock(ForkJoinPool.java:3465)
  java.base@17.0.14/java.util.concurrent.ForkJoinPool.managedBlock(ForkJoinPool.java:3436)
  java.base@17.0.14/java.util.concurrent.SynchronousQueue$TransferStack.transfer(SynchronousQueue.java:397)
  java.base@17.0.14/java.util.concurrent.SynchronousQueue.take(SynchronousQueue.java:886)
  java.base@17.0.14/java.util.concurrent.ThreadPoolExecutor.getTask(ThreadPoolExecutor.java:1062)
  java.base@17.0.14/java.util.concurrent.ThreadPoolExecutor.runWorker(ThreadPoolExecutor.java:1122)
  java.base@17.0.14/java.util.concurrent.ThreadPoolExecutor$Worker.run(ThreadPoolExecutor.java:635)
  java.base@17.0.14/java.lang.Thread.run(Thread.java:840)

Thread[AWSBatch-executor-91,5,main]
  java.base@17.0.14/jdk.internal.misc.Unsafe.park(Native Method)
  java.base@17.0.14/java.util.concurrent.locks.LockSupport.parkNanos(LockSupport.java:252)
  java.base@17.0.14/java.util.concurrent.locks.AbstractQueuedSynchronizer$ConditionObject.awaitNanos(AbstractQueuedSynchronizer.java:1679)
  java.base@17.0.14/java.util.concurrent.PriorityBlockingQueue.poll(PriorityBlockingQueue.java:549)
  java.base@17.0.14/java.util.concurrent.ThreadPoolExecutor.getTask(ThreadPoolExecutor.java:1061)
  java.base@17.0.14/java.util.concurrent.ThreadPoolExecutor.runWorker(ThreadPoolExecutor.java:1122)
  java.base@17.0.14/java.util.concurrent.ThreadPoolExecutor$Worker.run(ThreadPoolExecutor.java:635)
  java.base@17.0.14/java.lang.Thread.run(Thread.java:840)

Thread[AWSBatch-executor-92,5,main]
  java.base@17.0.14/jdk.internal.misc.Unsafe.park(Native Method)
  java.base@17.0.14/java.util.concurrent.locks.LockSupport.parkNanos(LockSupport.java:252)
  java.base@17.0.14/java.util.concurrent.locks.AbstractQueuedSynchronizer$ConditionObject.awaitNanos(AbstractQueuedSynchronizer.java:1679)
  java.base@17.0.14/java.util.concurrent.PriorityBlockingQueue.poll(PriorityBlockingQueue.java:549)
  java.base@17.0.14/java.util.concurrent.ThreadPoolExecutor.getTask(ThreadPoolExecutor.java:1061)
  java.base@17.0.14/java.util.concurrent.ThreadPoolExecutor.runWorker(ThreadPoolExecutor.java:1122)
  java.base@17.0.14/java.util.concurrent.ThreadPoolExecutor$Worker.run(ThreadPoolExecutor.java:635)
  java.base@17.0.14/java.lang.Thread.run(Thread.java:840)

Thread[AWSBatch-executor-94,5,main]
  java.base@17.0.14/jdk.internal.misc.Unsafe.park(Native Method)
  java.base@17.0.14/java.util.concurrent.locks.LockSupport.parkNanos(LockSupport.java:252)
  java.base@17.0.14/java.util.concurrent.locks.AbstractQueuedSynchronizer$ConditionObject.awaitNanos(AbstractQueuedSynchronizer.java:1679)
  java.base@17.0.14/java.util.concurrent.PriorityBlockingQueue.poll(PriorityBlockingQueue.java:549)
  java.base@17.0.14/java.util.concurrent.ThreadPoolExecutor.getTask(ThreadPoolExecutor.java:1061)
  java.base@17.0.14/java.util.concurrent.ThreadPoolExecutor.runWorker(ThreadPoolExecutor.java:1122)
  java.base@17.0.14/java.util.concurrent.ThreadPoolExecutor$Worker.run(ThreadPoolExecutor.java:635)
  java.base@17.0.14/java.lang.Thread.run(Thread.java:840)

Thread[AWSBatch-executor-95,5,main]
  java.base@17.0.14/jdk.internal.misc.Unsafe.park(Native Method)
  java.base@17.0.14/java.util.concurrent.locks.LockSupport.parkNanos(LockSupport.java:252)
  java.base@17.0.14/java.util.concurrent.locks.AbstractQueuedSynchronizer$ConditionObject.awaitNanos(AbstractQueuedSynchronizer.java:1679)
  java.base@17.0.14/java.util.concurrent.PriorityBlockingQueue.poll(PriorityBlockingQueue.java:549)
  java.base@17.0.14/java.util.concurrent.ThreadPoolExecutor.getTask(ThreadPoolExecutor.java:1061)
  java.base@17.0.14/java.util.concurrent.ThreadPoolExecutor.runWorker(ThreadPoolExecutor.java:1122)
  java.base@17.0.14/java.util.concurrent.ThreadPoolExecutor$Worker.run(ThreadPoolExecutor.java:635)
  java.base@17.0.14/java.lang.Thread.run(Thread.java:840)

Mar-23 22:39:57.289 [main] DEBUG nextflow.Session - Session await > all processes finished
Mar-23 22:39:57.289 [main] DEBUG nextflow.Session - Session await > all barriers passed
Mar-23 22:39:57.290 [Task monitor] DEBUG n.processor.TaskPollingMonitor - <<< barrier arrives (monitor: awsbatch) - terminating tasks monitor poll loop
Mar-23 22:39:57.293 [main] WARN  n.processor.TaskPollingMonitor - Killing running tasks (1)
Mar-23 22:39:57.303 [main] DEBUG n.trace.WorkflowStatsObserver - Workflow completed > WorkflowStats[succeededCount=0; failedCount=0; ignoredCount=0; cachedCount=0; pendingCount=0; submittedCount=1; runningCount=-1; retriesCount=0; abortedCount=1; succeedDuration=0ms; failedDuration=0ms; cachedDuration=0ms;loadCpus=-2; loadMemory=0; peakRunning=0; peakCpus=0; peakMemory=0; ]
Mar-23 22:39:57.303 [main] DEBUG nextflow.trace.TraceFileObserver - Workflow completed -- saving trace file
Mar-23 22:39:57.305 [main] DEBUG nextflow.trace.ReportObserver - Workflow completed -- rendering execution report
Mar-23 22:39:57.487 [AWSBatch-reaper-1] DEBUG n.c.aws.batch.AwsBatchTaskHandler - [AWS BATCH] killing job=cc448dde-7aa2-40b2-843d-d0515c389309; response={}
Mar-23 22:39:57.795 [main] DEBUG nextflow.trace.TimelineObserver - Workflow completed -- rendering execution timeline
Mar-23 22:39:57.867 [main] DEBUG nextflow.cache.CacheDB - Closing CacheDB done
Mar-23 22:39:57.872 [main] INFO  org.pf4j.AbstractPluginManager - Stop plugin 'nf-amazon@2.9.2'
Mar-23 22:39:57.873 [main] DEBUG nextflow.plugin.BasePlugin - Plugin stopped nf-amazon
Mar-23 22:39:57.873 [main] DEBUG nextflow.script.ScriptRunner - > Execution complete -- Goodbye
